Build started 8/22/2012 2:42:54 PM.
     1>Project "C:\Documents and Settings\chowusb\Desktop\datalog_tools\StackTrace\ManagedStackTrace\ManagedStackTrace.vcxproj" on node 2 (build target(s)).
     1>InitializeBuildStatus:
         Touching "Debug\ManagedStackTrace.unsuccessfulbuild".
       GenerateTargetFrameworkMonikerAttribute:
       Skipping target "GenerateTargetFrameworkMonikerAttribute" because all output files are up-to-date with respect to the input files.
       ClCompile:
         c:\Program Files\Microsoft Visual Studio 10.0\VC\bin\CL.exe /c /I..\..\ZLib /I..\src /I..\..\DatalogDecoder\src /I..\..\Util\src /AI"C:\Program Files\Reference Assemblies\Microsoft\Framework\.NETFramework\v4.0" /Zi /clr /nologo /W3 /WX- /Od /Oy- /D _CRT_SECURE_NO_WARNINGS /D __CLR_MANAGED__ /D WIN32 /D _DEBUG /D _WINDLL /D _UNICODE /D UNICODE /EHa /MDd /GS /fp:precise /Zc:wchar_t /Zc:forScope /Fo"Debug\\" /Fd"Debug\vc100.pdb" /TP /FU"C:\Program Files\Reference Assemblies\Microsoft\Framework\.NETFramework\v4.0\System.Core.dll" /FU"C:\Program Files\Reference Assemblies\Microsoft\Framework\.NETFramework\v4.0\System.Data.dll" /FU"C:\Program Files\Reference Assemblies\Microsoft\Framework\.NETFramework\v4.0\System.dll" /FU"C:\Program Files\Reference Assemblies\Microsoft\Framework\.NETFramework\v4.0\System.Xml.dll" /analyze- /errorReport:prompt ..\src\StackTrace.cpp AssemblyInfo.cpp ManagedStackTrace.cpp /clr:nostdlib 
         StackTrace.cpp
         AssemblyInfo.cpp
         ManagedStackTrace.cpp
         Generating Code...
         c:\Program Files\Microsoft Visual Studio 10.0\VC\bin\CL.exe /c /I..\..\ZLib /I..\src /I..\..\DatalogDecoder\src /I..\..\Util\src /Zi /clr /nologo /W3 /WX- /Od /Oy- /D _CRT_SECURE_NO_WARNINGS /D __CLR_MANAGED__ /D WIN32 /D _DEBUG /D _WINDLL /D _UNICODE /D UNICODE /EHa /MDd /GS /fp:precise /Zc:wchar_t /Zc:forScope /Fo"Debug\\" /Fd"Debug\vc100.pdb" /TP /analyze- /errorReport:prompt "c:\Temp\.NETFramework,Version=v4.0.AssemblyAttributes.cpp"
         .NETFramework,Version=v4.0.AssemblyAttributes.cpp
       ResourceCompile:
         c:\Program Files\Microsoft SDKs\Windows\v7.0A\bin\rc.exe /D _UNICODE /D UNICODE /l"0x0409" /nologo /fo"Debug\app.res" app.rc 
       Link:
         c:\Program Files\Microsoft Visual Studio 10.0\VC\bin\link.exe /ERRORREPORT:PROMPT /OUT:"C:\Documents and Settings\chowusb\Desktop\datalog_tools\StackTrace\Debug\ManagedStackTrace.dll" /INCREMENTAL /NOLOGO /LIBPATH:..\..\ZLib\bin\Debug zlib.lib /MANIFEST /ManifestFile:"Debug\ManagedStackTrace.dll.intermediate.manifest" /MANIFESTUAC:"level='asInvoker' uiAccess='false'" /DEBUG /PDB:"C:\Documents and Settings\chowusb\Desktop\datalog_tools\StackTrace\Debug\ManagedStackTrace.pdb" /ASSEMBLYDEBUG /TLBID:1 /DYNAMICBASE /FIXED:NO /NXCOMPAT /MACHINE:X86 /DLL Debug\app.res
         Debug\StackTrace.obj
         Debug\AssemblyInfo.obj
         Debug\ManagedStackTrace.obj
         "Debug\.NETFramework,Version=v4.0.AssemblyAttributes.obj"
     1>zlib.lib(gzio.obj) : warning LNK4075: ignoring '/EDITANDCONTINUE' due to '/INCREMENTAL:NO' specification
         ManagedStackTrace.vcxproj -> C:\Documents and Settings\chowusb\Desktop\datalog_tools\StackTrace\Debug\ManagedStackTrace.dll
       Manifest:
         c:\Program Files\Microsoft SDKs\Windows\v7.0A\bin\mt.exe /nologo /verbose /outputresource:"C:\Documents and Settings\chowusb\Desktop\datalog_tools\StackTrace\Debug\ManagedStackTrace.dll;#2" /manifest Debug\ManagedStackTrace.dll.intermediate.manifest
       FinalizeBuildStatus:
         Deleting file "Debug\ManagedStackTrace.unsuccessfulbuild".
         Touching "Debug\ManagedStackTrace.lastbuildstate".
     1>Done Building Project "C:\Documents and Settings\chowusb\Desktop\datalog_tools\StackTrace\ManagedStackTrace\ManagedStackTrace.vcxproj" (build target(s)).

Build succeeded.

Time Elapsed 00:00:12.42
