bin\Debug\StackTrace.pdb
C:\Documents and Settings\chowusb\Desktop\datalog_tools\StackTrace\obj\Debug\cl.command.1.tlog
C:\Documents and Settings\chowusb\Desktop\datalog_tools\StackTrace\obj\Debug\CL.read.1.tlog
C:\Documents and Settings\chowusb\Desktop\datalog_tools\StackTrace\obj\Debug\CL.write.1.tlog
C:\Documents and Settings\chowusb\Desktop\datalog_tools\StackTrace\obj\Debug\link.command.1.tlog
C:\Documents and Settings\chowusb\Desktop\datalog_tools\StackTrace\obj\Debug\link.read.1.tlog
C:\Documents and Settings\chowusb\Desktop\datalog_tools\StackTrace\obj\Debug\link.write.1.tlog
C:\Documents and Settings\chowusb\Desktop\datalog_tools\StackTrace\obj\Debug\link-cvtres.read.1.tlog
C:\Documents and Settings\chowusb\Desktop\datalog_tools\StackTrace\obj\Debug\link-cvtres.write.1.tlog
C:\DOCUMENTS AND SETTINGS\CHOWUSB\DESKTOP\DATALOG_TOOLS\STACKTRACE\OBJ\DEBUG\MAIN.OBJ
C:\Documents and Settings\chowusb\Desktop\datalog_tools\StackTrace\obj\Debug\rc.command.1.tlog
C:\Documents and Settings\chowusb\Desktop\datalog_tools\StackTrace\obj\Debug\rc.read.1.tlog
C:\Documents and Settings\chowusb\Desktop\datalog_tools\StackTrace\obj\Debug\rc.write.1.tlog
C:\Documents and Settings\chowusb\Desktop\datalog_tools\StackTrace\obj\Debug\StackTrace.exe.embed.manifest
C:\DOCUMENTS AND SETTINGS\CHOWUSB\DESKTOP\DATALOG_TOOLS\STACKTRACE\OBJ\DEBUG\STACKTRACE.EXE.EMBED.MANIFEST.RES
C:\Documents and Settings\chowusb\Desktop\datalog_tools\StackTrace\obj\Debug\StackTrace.exe.intermediate.manifest
C:\DOCUMENTS AND SETTINGS\CHOWUSB\DESKTOP\DATALOG_TOOLS\STACKTRACE\OBJ\DEBUG\STACKTRACE.OBJ
C:\Documents and Settings\chowusb\Desktop\datalog_tools\StackTrace\obj\Debug\StackTrace_manifest.rc
C:\DOCUMENTS AND SETTINGS\CHOWUSB\DESKTOP\DATALOG_TOOLS\STACKTRACE\OBJ\DEBUG\TRACECONFIG.OBJ
C:\Documents and Settings\chowusb\Desktop\datalog_tools\StackTrace\obj\Debug\vc100.idb
C:\DOCUMENTS AND SETTINGS\CHOWUSB\DESKTOP\DATALOG_TOOLS\STACKTRACE\OBJ\DEBUG\VC100.PDB
