Build started 8/23/2012 9:25:14 AM.
     1>Project "C:\Taos\Taos\Common\tools\stack_trace_tool\StackTrace\StackTrace.vcxproj" on node 2 (build target(s)).
     1>InitializeBuildStatus:
         Creating "obj\Debug\StackTrace.unsuccessfulbuild" because "AlwaysCreate" was specified.
       ClCompile:
         c:\Program Files\Microsoft Visual Studio 10.0\VC\bin\CL.exe /c /I..\ZLib /I..\DatalogDecoder\src /I..\Util\src /Zi /nologo /W3 /WX- /Od /Oy- /D WIN32 /D _DEBUG /D _CONSOLE /D _VC80_UPGRADE=0x0600 /Gm /EHsc /RTC1 /MTd /GS /fp:precise /Zc:wchar_t /Zc:forScope /Fo"obj\Debug\\" /Fd"obj\Debug\vc100.pdb" /Gd /TP /wd4996 /analyze- /errorReport:prompt src\Main.cpp src\StackTrace.cpp src\TraceConfig.cpp
         TraceConfig.cpp
         StackTrace.cpp
         Main.cpp
         Generating Code...
       ManifestResourceCompile:
         c:\Program Files\Microsoft SDKs\Windows\v7.0A\bin\rc.exe /nologo /fo"obj\Debug\StackTrace.exe.embed.manifest.res" obj\Debug\StackTrace_manifest.rc 
       Link:
         c:\Program Files\Microsoft Visual Studio 10.0\VC\bin\link.exe /ERRORREPORT:PROMPT /OUT:"bin\Debug\StackTrace.exe" /INCREMENTAL /NOLOGO /LIBPATH:..\ZLib\bin\Debug /LIBPATH:bin\Debug\ odbc32.lib odbccp32.lib zlib.lib kernel32.lib user32.lib gdi32.lib winspool.lib comdlg32.lib advapi32.lib shell32.lib ole32.lib oleaut32.lib uuid.lib odbc32.lib odbccp32.lib /MANIFEST /ManifestFile:"obj\Debug\StackTrace.exe.intermediate.manifest" /MANIFESTUAC:"level='asInvoker' uiAccess='false'" /DEBUG /PDB:"C:\Taos\Taos\Common\tools\stack_trace_tool\StackTrace\bin\Debug\StackTrace.pdb" /SUBSYSTEM:CONSOLE /TLBID:1 /DYNAMICBASE:NO /IMPLIB:"bin\Debug\StackTrace.lib" /MACHINE:X86 obj\Debug\StackTrace.exe.embed.manifest.res
         obj\Debug\Main.obj
         obj\Debug\StackTrace.obj
         obj\Debug\TraceConfig.obj
       Manifest:
         c:\Program Files\Microsoft SDKs\Windows\v7.0A\bin\mt.exe /nologo /verbose /out:"obj\Debug\StackTrace.exe.embed.manifest" /manifest obj\Debug\StackTrace.exe.intermediate.manifest
         All outputs are up-to-date.
       LinkEmbedManifest:
         All outputs are up-to-date.
         StackTrace.vcxproj -> C:\Taos\Taos\Common\tools\stack_trace_tool\StackTrace\bin\Debug\StackTrace.exe
       FinalizeBuildStatus:
         Deleting file "obj\Debug\StackTrace.unsuccessfulbuild".
         Touching "obj\Debug\StackTrace.lastbuildstate".
     1>Done Building Project "C:\Taos\Taos\Common\tools\stack_trace_tool\StackTrace\StackTrace.vcxproj" (build target(s)).

Build succeeded.

Time Elapsed 00:00:09.17
