Build started 8/22/2012 9:37:07 AM.
     1>Project "C:\Documents and Settings\chowusb\Desktop\datalog_tools\StackTrace\ZLib\zlib.vcxproj" on node 2 (rebuild target(s)).
     1>InitializeBuildStatus:
         Creating "obj\Release\zlib.unsuccessfulbuild" because "AlwaysCreate" was specified.
       ClCompile:
         c:\Program Files\Microsoft Visual Studio 10.0\VC\bin\CL.exe /c /Zi /nologo /W3 /WX- /O2 /Oy- /D WIN32 /D _LIB /D NDEBUG /D _VC80_UPGRADE=0x0600 /D _MBCS /Gm- /EHsc /MD /GS /fp:precise /Zc:wchar_t /Zc:forScope /Fo"obj\Release\\" /Fd"obj\Release\vc100.pdb" /Gd /TC /wd4996 /wd4244 /wd4267 /analyze- /errorReport:prompt adler32.c compress.c crc32.c deflate.c gzio.c infblock.c infcodes.c inffast.c inflate.c inftrees.c infutil.c maketree.c trees.c uncompr.c zutil.c
         adler32.c
         compress.c
         crc32.c
         deflate.c
         gzio.c
         infblock.c
         infcodes.c
         inffast.c
         inflate.c
         inftrees.c
         infutil.c
         maketree.c
         trees.c
         uncompr.c
         zutil.c
         Generating Code...
       Lib:
         c:\Program Files\Microsoft Visual Studio 10.0\VC\bin\Lib.exe /OUT:"bin\Release\zlib.lib" /NOLOGO obj\Release\adler32.obj
         obj\Release\compress.obj
         obj\Release\crc32.obj
         obj\Release\deflate.obj
         obj\Release\gzio.obj
         obj\Release\infblock.obj
         obj\Release\infcodes.obj
         obj\Release\inffast.obj
         obj\Release\inflate.obj
         obj\Release\inftrees.obj
         obj\Release\infutil.obj
         obj\Release\maketree.obj
         obj\Release\trees.obj
         obj\Release\uncompr.obj
         obj\Release\zutil.obj
         zlib.vcxproj -> C:\Documents and Settings\chowusb\Desktop\datalog_tools\StackTrace\ZLib\bin\Release\zlib.lib
       FinalizeBuildStatus:
         Deleting file "obj\Release\zlib.unsuccessfulbuild".
         Touching "obj\Release\zlib.lastbuildstate".
     1>Done Building Project "C:\Documents and Settings\chowusb\Desktop\datalog_tools\StackTrace\ZLib\zlib.vcxproj" (rebuild target(s)).

Build succeeded.

Time Elapsed 00:00:02.14
